
[2020-02-29 00:21:17] Traceback (most recent call last):
  File "mycef.py", line 10, in <module>
    cef.CreateBrowserSync(url=url)
NameError: name 'url' is not defined


[2020-02-29 12:32:45] Traceback (most recent call last):
  File "C:\Users\WORKSTATION\Desktop\2019nCov\UI\ui.py", line 157, in <module>
    app = MainFrame(window)
NameError: name 'MainFrame' is not defined


[2020-02-29 12:37:18] Traceback (most recent call last):
  File "C:\Users\WORKSTATION\Desktop\2019nCov\UI\ui.py", line 158, in <module>
    app = MainFrame(window)
TypeError: __init__() missing 1 required positional argument: 'url'


[2020-02-29 12:38:48] Traceback (most recent call last):
  File "C:\Users\WORKSTATION\Desktop\2019nCov\UI\ui.py", line 203, in <module>
    tk.app.pack()
AttributeError: module 'tkinter' has no attribute 'app'


[2020-02-29 13:34:49] Traceback (most recent call last):
  File "C:\Users\WORKSTATION\Desktop\2019nCov\UI\browserFrame.py", line 353, in <module>
    from map import Map
ModuleNotFoundError: No module named 'map'


[2020-02-29 13:49:49] Traceback (most recent call last):
  File "C:\Users\WORKSTATION\Desktop\2019nCov\UI\browserFrame.py", line 353, in <module>
    from map import Map
ModuleNotFoundError: No module named 'map'


[2020-02-29 14:17:59] Traceback (most recent call last):
  File "C:\Users\WORKSTATION\Desktop\2019nCov\UI\tkhtml.py", line 370, in <module>
    app = MainFrame(root)
TypeError: __init__() missing 1 required positional argument: 'url'


[2020-02-29 14:19:37] Traceback (most recent call last):
  File "C:\Users\WORKSTATION\Desktop\2019nCov\UI\tkhtml.py", line 372, in <module>
    app = MainFrame(root)
TypeError: __init__() missing 1 required positional argument: 'url'


[2020-02-29 14:40:02] Traceback (most recent call last):
  File "C:\Users\WORKSTATION\Desktop\2019nCov\UI\tkhtml.py", line 370, in <module>
    app = MainFrame(root)
TypeError: __init__() missing 1 required positional argument: 'url'


[2020-02-29 14:56:05] Traceback (most recent call last):
  File "C:\Users\WORKSTATION\Desktop\2019nCov\UI\tkhtml.py", line 372, in <module>
    app = MainFrame(root)
TypeError: __init__() missing 1 required positional argument: 'url'

